Step: build-step-credential-initializer-vzf5v:

{"level":"warn","ts":1554127274.9132636,"logger":"fallback-logger","caller":"logging/config.go:65","msg":"Fetch GitHub commit ID from kodata failed: \"ref: refs/heads/backport-container-name-fix\" is not a valid GitHub commit ID"}
{"level":"info","ts":1554127274.9139018,"logger":"fallback-logger","caller":"creds-init/main.go:40","msg":"Credentials initialized."}
Step: build-step-git-source-tdcox-environment-d29-staging-master-49b8:

{"level":"warn","ts":1554127275.509193,"logger":"fallback-logger","caller":"logging/config.go:65","msg":"Fetch GitHub commit ID from kodata failed: \"ref: refs/heads/backport-container-name-fix\" is not a valid GitHub commit ID"}
{"level":"info","ts":1554127276.6612065,"logger":"fallback-logger","caller":"git-init/main.go:99","msg":"Successfully cloned \"https://github.com/tdcox/environment-d29-staging\" @ \"v0.0.14\" in path \"/workspace/source\""}
Step: build-step-place-tools:

Step: build-step-setup-jx-git-credentials:

Generated Git credentials file /workspace/xdg_config/git/credentials
Step: build-step-build-helm-apply:

Modified file /workspace/source/env/Chart.yaml to set the chart to version 14
No $CHART_REPOSITORY defined so using the default value of: http://jenkins-x-chartmuseum:8080
Adding missing Helm repo: jenkins-x http://chartmuseum.jenkins-x.io
Successfully added Helm repository jenkins-x.
Adding missing Helm repo: releases http://jenkins-x-chartmuseum:8080
Successfully added Helm repository releases.
Applying helm chart at . as release name jx to namespace jx-staging
Ignoring templates/.gitignore
Wrote chart values.yaml values.yaml generated from directory tree
Using values files: values.yaml
Applying chart overridesApplying generated chart . YAML via kubectl in dir: /tmp/helm-template-workdir-065989944/jx/output
role.rbac.authorization.k8s.io/cleanup configured
rolebinding.rbac.authorization.k8s.io/cleanup configured
serviceaccount/cleanup configured
configmap/exposecontroller configured
role.rbac.authorization.k8s.io/expose configured
rolebinding.rbac.authorization.k8s.io/expose configured
serviceaccount/expose configured
deployment.extensions/jx-tensorflow1 configured
release.jenkins.io/tensorflow1-0.0.8 created
service/tensorflow1 configured
deployment.extensions/jx-test115 configured
release.jenkins.io/test115-0.0.14 configured
service/test115 configured
Applying Helm hook post-upgrade YAML via kubectl in file: /tmp/helm-template-workdir-065989944/jx/helmHooks/env/charts/expose/templates/job.yaml
job.batch/expose created
Waiting for helm post-upgrade hook Job expose to complete before removing it
Deleting helm hook sources from file: /tmp/helm-template-workdir-065989944/jx/helmHooks/env/charts/expose/templates/job.yaml
job.batch "expose" deleted
Removing Kubernetes resources from older releases using selector: jenkins.io/chart-release=jx,jenkins.io/version!=14 from all pvc configmap release sa role rolebinding secret
release.jenkins.io "tensorflow1-0.0.6" deleted
Removing Kubernetes resources from older releases using selector: jenkins.io/chart-release=jx,jenkins.io/version!=14,jenkins.io/namespace=jx-staging from clusterrole clusterrolebinding
